0 info it worked if it ends with ok
1 verbose cli [ 'node', '/usr/local/bin/npm', 'info' ]
2 info using npm@2.14.7
3 info using node@v0.10.35
4 silly mapToRegistry name nodetest2b
5 silly mapToRegistry using default registry
6 silly mapToRegistry registry https://registry.npmjs.org/
7 silly mapToRegistry uri https://registry.npmjs.org/nodetest2b
8 verbose request uri https://registry.npmjs.org/nodetest2b
9 verbose request no auth needed
10 info attempt registry request try #1 at 20:27:54
11 verbose request id 8c4d451da60fdcc4
12 http request GET https://registry.npmjs.org/nodetest2b
13 http 404 https://registry.npmjs.org/nodetest2b
14 verbose headers { 'content-type': 'application/json',
14 verbose headers   'cache-control': 'max-age=0',
14 verbose headers   'content-length': '2',
14 verbose headers   'accept-ranges': 'bytes',
14 verbose headers   date: 'Wed, 11 Nov 2015 18:27:55 GMT',
14 verbose headers   via: '1.1 varnish',
14 verbose headers   age: '0',
14 verbose headers   connection: 'keep-alive',
14 verbose headers   'x-served-by': 'cache-ams4123-AMS',
14 verbose headers   'x-cache': 'MISS',
14 verbose headers   'x-cache-hits': '0',
14 verbose headers   'x-timer': 'S1447266475.473036,VS0,VE409' }
15 silly get cb [ 404,
15 silly get   { 'content-type': 'application/json',
15 silly get     'cache-control': 'max-age=0',
15 silly get     'content-length': '2',
15 silly get     'accept-ranges': 'bytes',
15 silly get     date: 'Wed, 11 Nov 2015 18:27:55 GMT',
15 silly get     via: '1.1 varnish',
15 silly get     age: '0',
15 silly get     connection: 'keep-alive',
15 silly get     'x-served-by': 'cache-ams4123-AMS',
15 silly get     'x-cache': 'MISS',
15 silly get     'x-cache-hits': '0',
15 silly get     'x-timer': 'S1447266475.473036,VS0,VE409' } ]
16 verbose stack Error: Registry returned 404 for GET on https://registry.npmjs.org/nodetest2b
16 verbose stack     at makeError (/usr/local/lib/node_modules/npm/node_modules/npm-registry-client/lib/request.js:264:12)
16 verbose stack     at CachingRegistryClient.<anonymous> (/usr/local/lib/node_modules/npm/node_modules/npm-registry-client/lib/request.js:242:14)
16 verbose stack     at Request._callback (/usr/local/lib/node_modules/npm/node_modules/npm-registry-client/lib/request.js:172:14)
16 verbose stack     at Request.self.callback (/usr/local/lib/node_modules/npm/node_modules/request/request.js:198:22)
16 verbose stack     at Request.emit (events.js:98:17)
16 verbose stack     at Request.<anonymous> (/usr/local/lib/node_modules/npm/node_modules/request/request.js:1063:14)
16 verbose stack     at Request.emit (events.js:117:20)
16 verbose stack     at IncomingMessage.<anonymous> (/usr/local/lib/node_modules/npm/node_modules/request/request.js:1009:12)
16 verbose stack     at IncomingMessage.emit (events.js:117:20)
16 verbose stack     at _stream_readable.js:944:16
17 verbose statusCode 404
18 verbose pkgid nodetest2b
19 verbose cwd /Users/Aapeli/Google Drive/Documents/webdev/node-tutorial-2-restful-app
20 error Darwin 15.0.0
21 error argv "node" "/usr/local/bin/npm" "info"
22 error node v0.10.35
23 error npm  v2.14.7
24 error code E404
25 error 404 Registry returned 404 for GET on https://registry.npmjs.org/nodetest2b
25 error 404
25 error 404 'nodetest2b' is not in the npm registry.
25 error 404 You should bug the author to publish it (or use the name yourself!)
25 error 404
25 error 404 Note that you can also install from a
25 error 404 tarball, folder, http url, or git url.
26 verbose exit [ 1, true ]
